c:\users\даниел\documents\visual studio 2017\projects\dots\dots\debug\dots.pch
c:\users\даниел\documents\visual studio 2017\projects\dots\dots\debug\vc141.pdb
c:\users\даниел\documents\visual studio 2017\projects\dots\dots\debug\vc141.idb
c:\users\даниел\documents\visual studio 2017\projects\dots\dots\debug\stdafx.obj
c:\users\даниел\documents\visual studio 2017\projects\dots\dots\debug\dots.obj
c:\users\даниел\documents\visual studio 2017\projects\dots\dots\debug\dotsdoc.obj
c:\users\даниел\documents\visual studio 2017\projects\dots\dots\debug\dotsview.obj
c:\users\даниел\documents\visual studio 2017\projects\dots\dots\debug\mainfrm.obj
c:\users\даниел\documents\visual studio 2017\projects\dots\debug\dots.ilk
c:\users\даниел\documents\visual studio 2017\projects\dots\debug\dots.exe
c:\users\даниел\documents\visual studio 2017\projects\dots\debug\dots.pdb
c:\users\даниел\documents\visual studio 2017\projects\dots\dots\debug\dots.res
c:\users\даниел\documents\visual studio 2017\projects\dots\dots\debug\dots.tlog\cl.command.1.tlog
c:\users\даниел\documents\visual studio 2017\projects\dots\dots\debug\dots.tlog\cl.read.1.tlog
c:\users\даниел\documents\visual studio 2017\projects\dots\dots\debug\dots.tlog\cl.write.1.tlog
c:\users\даниел\documents\visual studio 2017\projects\dots\dots\debug\dots.tlog\link.command.1.tlog
c:\users\даниел\documents\visual studio 2017\projects\dots\dots\debug\dots.tlog\link.read.1.tlog
c:\users\даниел\documents\visual studio 2017\projects\dots\dots\debug\dots.tlog\link.write.1.tlog
c:\users\даниел\documents\visual studio 2017\projects\dots\dots\debug\dots.tlog\rc.command.1.tlog
c:\users\даниел\documents\visual studio 2017\projects\dots\dots\debug\dots.tlog\rc.read.1.tlog
c:\users\даниел\documents\visual studio 2017\projects\dots\dots\debug\dots.tlog\rc.write.1.tlog
